SF:lib/flutter_video_thumbnail_plus_method_channel.dart
DA:13,1
DA:23,1
DA:24,1
DA:28,1
DA:34,2
DA:37,1
DA:47,2
DA:48,1
DA:51,1
DA:57,2
LF:10
LH:10
end_of_record
SF:lib/flutter_video_thumbnail_plus_platform_interface.dart
DA:8,9
DA:10,9
DA:12,4
DA:13,2
DA:18,4
DA:23,2
DA:24,4
DA:28,1
DA:37,1
DA:40,1
DA:49,1
DA:52,1
DA:56,1
LF:13
LH:13
end_of_record
SF:lib/flutter_video_thumbnail_plus.dart
DA:21,1
DA:22,1
DA:43,1
DA:53,2
DA:75,1
DA:84,2
DA:102,1
DA:106,2
LF:8
LH:8
end_of_record
SF:lib/flutter_video_thumbnail_plus_mobile_platform.dart
DA:4,1
DA:8,1
LF:2
LH:2
end_of_record
